2017-11-16 10:19:55.628  INFO 7064 --- [main] com.shao.ray.rest.RayRestApplication     : Starting RayRestApplication on MS-20160616DIPX with PID 7064 (D:\Users\Administrator\IdeaProjects\ray\ray-rest\target\classes started by Administrator in D:\Users\Administrator\IdeaProjects\ray)
2017-11-16 10:19:55.631  INFO 7064 --- [main] com.shao.ray.rest.RayRestApplication     : No active profile set, falling back to default profiles: default
2017-11-16 10:19:55.681  INFO 7064 --- [main] ationConfigEmbeddedWebApplicationContext : Refreshing org.springframework.boot.context.embedded.AnnotationConfigEmbeddedWebApplicationContext@4a22f9e2: startup date [Thu Nov 16 10:19:55 GMT+08:00 2017]; root of context hierarchy
2017-11-16 10:19:56.641  INFO 7064 --- [main] s.b.c.e.t.TomcatEmbeddedServletContainer : Tomcat initialized with port(s): 80 (http)
2017-11-16 10:19:56.649  INFO 7064 --- [main] o.apache.catalina.core.StandardService   : Starting service Tomcat
2017-11-16 10:19:56.649  INFO 7064 --- [main] org.apache.catalina.core.StandardEngine  : Starting Servlet Engine: Apache Tomcat/8.5.14
2017-11-16 10:19:56.709  INFO 7064 --- [localhost-startStop-1] o.a.c.c.C.[Tomcat].[localhost].[/]       : Initializing Spring embedded WebApplicationContext
2017-11-16 10:19:56.709  INFO 7064 --- [localhost-startStop-1] o.s.web.context.ContextLoader            : Root WebApplicationContext: initialization completed in 1032 ms
2017-11-16 10:19:56.859  INFO 7064 --- [localhost-startStop-1] o.s.b.w.servlet.ServletRegistrationBean  : Mapping servlet: 'dispatcherServlet' to [/]
2017-11-16 10:19:56.862  INFO 7064 --- [localhost-startStop-1] o.s.b.w.servlet.FilterRegistrationBean   : Mapping filter: 'characterEncodingFilter' to: [/*]
2017-11-16 10:19:56.862  INFO 7064 --- [localhost-startStop-1] o.s.b.w.servlet.FilterRegistrationBean   : Mapping filter: 'hiddenHttpMethodFilter' to: [/*]
2017-11-16 10:19:56.862  INFO 7064 --- [localhost-startStop-1] o.s.b.w.servlet.FilterRegistrationBean   : Mapping filter: 'httpPutFormContentFilter' to: [/*]
2017-11-16 10:19:56.862  INFO 7064 --- [localhost-startStop-1] o.s.b.w.servlet.FilterRegistrationBean   : Mapping filter: 'requestContextFilter' to: [/*]
2017-11-16 10:19:56.862  INFO 7064 --- [localhost-startStop-1] o.s.b.w.servlet.FilterRegistrationBean   : Mapping filter: 'jwtAuthenticationTokenFilter' to: [/*]
2017-11-16 10:19:57.479  INFO 7064 --- [main] s.w.s.m.m.a.RequestMappingHandlerAdapter : Looking for @ControllerAdvice: org.springframework.boot.context.embedded.AnnotationConfigEmbeddedWebApplicationContext@4a22f9e2: startup date [Thu Nov 16 10:19:55 GMT+08:00 2017]; root of context hierarchy
2017-11-16 10:19:57.514  INFO 7064 --- [main] s.w.s.m.m.a.RequestMappingHandlerMapping : Mapped "{[/auth]}" onto public org.springframework.http.ResponseEntity<?> com.shao.ray.rest.modular.auth.controller.AuthController.createAuthenticationToken(com.shao.ray.rest.modular.auth.controller.dto.AuthRequest)
2017-11-16 10:19:57.515  INFO 7064 --- [main] s.w.s.m.m.a.RequestMappingHandlerMapping : Mapped "{[/hello]}" onto public org.springframework.http.ResponseEntity com.shao.ray.rest.modular.example.ExampleController.hello(com.shao.ray.rest.common.SimpleObject)
2017-11-16 10:19:57.516  INFO 7064 --- [main] s.w.s.m.m.a.RequestMappingHandlerMapping : Mapped "{[/global/error]}" onto public java.lang.String com.shao.ray.core.base.controller.GlobalController.errorPage()
2017-11-16 10:19:57.516  INFO 7064 --- [main] s.w.s.m.m.a.RequestMappingHandlerMapping : Mapped "{[/global/sessionError]}" onto public java.lang.String com.shao.ray.core.base.controller.GlobalController.errorPageInfo(org.springframework.ui.Model)
2017-11-16 10:19:57.517  INFO 7064 --- [main] s.w.s.m.m.a.RequestMappingHandlerMapping : Mapped "{[/error]}" onto public org.springframework.http.ResponseEntity<java.util.Map<java.lang.String, java.lang.Object>> org.springframework.boot.autoconfigure.web.BasicErrorController.error(javax.servlet.http.HttpServletRequest)
2017-11-16 10:19:57.518  INFO 7064 --- [main] s.w.s.m.m.a.RequestMappingHandlerMapping : Mapped "{[/error],produces=[text/html]}" onto public org.springframework.web.servlet.ModelAndView org.springframework.boot.autoconfigure.web.BasicErrorController.errorHtml(javax.servlet.http.HttpServletRequest,javax.servlet.http.HttpServletResponse)
2017-11-16 10:19:57.534  INFO 7064 --- [main] o.s.w.s.handler.SimpleUrlHandlerMapping  : Mapped URL path [/webjars/**] onto handler of type [class org.springframework.web.servlet.resource.ResourceHttpRequestHandler]
2017-11-16 10:19:57.534  INFO 7064 --- [main] o.s.w.s.handler.SimpleUrlHandlerMapping  : Mapped URL path [/**] onto handler of type [class org.springframework.web.servlet.resource.ResourceHttpRequestHandler]
2017-11-16 10:19:57.544  INFO 7064 --- [main] .m.m.a.ExceptionHandlerExceptionResolver : Detected @ExceptionHandler methods in globalExceptionHandler
2017-11-16 10:19:57.556  INFO 7064 --- [main] o.s.w.s.handler.SimpleUrlHandlerMapping  : Mapped URL path [/**/favicon.ico] onto handler of type [class org.springframework.web.servlet.resource.ResourceHttpRequestHandler]
2017-11-16 10:19:57.700  INFO 7064 --- [main] o.s.j.e.a.AnnotationMBeanExporter        : Registering beans for JMX exposure on startup
2017-11-16 10:19:57.735  INFO 7064 --- [main] s.b.c.e.t.TomcatEmbeddedServletContainer : Tomcat started on port(s): 80 (http)
2017-11-16 10:19:57.738  INFO 7064 --- [main] com.shao.ray.rest.RayRestApplication     : Started RayRestApplication in 2.363 seconds (JVM running for 2.873)
